INFO:     Will watch for changes in these directories: ['/Users/alex.gavrilov/Desktop/Projects/fast-api-react/backend']
INFO:     Uvicorn running on http://127.0.0.1:8000 (Press CTRL+C to quit)
INFO:     Started reloader process [93021] using WatchFiles
INFO:     Started server process [93026]
INFO:     Waiting for application startup.
/Users/alex.gavrilov/Desktop/Projects/fast-api-react/backend/app/repositories/entities/DocumentEntity.py:10: SAWarning: This declarative base already contains a class with the same class name and module name as app.repositories.entities.DocumentEntity.DocumentEntity, and will be replaced in the string-lookup table.
  class DocumentEntity(Base):
INFO:     Application startup complete.
INFO:     127.0.0.1:63537 - "GET /docs HTTP/1.1" 200 OK
INFO:     127.0.0.1:63537 - "GET /openapi.json HTTP/1.1" 200 OK
INFO:     127.0.0.1:55612 - "POST /api/upload HTTP/1.1" 404 Not Found
INFO:     127.0.0.1:55710 - "GET /docs HTTP/1.1" 200 OK
INFO:     127.0.0.1:55710 - "GET /.well-known/appspecific/com.chrome.devtools.json HTTP/1.1" 404 Not Found
INFO:     127.0.0.1:55710 - "GET /openapi.json HTTP/1.1" 200 OK
INFO:     127.0.0.1:55766 - "POST /api/upload HTTP/1.1" 404 Not Found
INFO:     127.0.0.1:55772 - "POST /api/upload HTTP/1.1" 404 Not Found
INFO:     127.0.0.1:55778 - "POST /api/upload HTTP/1.1" 404 Not Found
INFO:     127.0.0.1:57102 - "GET /openapi.json HTTP/1.1" 200 OK
WARNING:  WatchFiles detected changes in 'app/main.py'. Reloading...
INFO:     Shutting down
INFO:     Waiting for application shutdown.
INFO:     Application shutdown complete.
INFO:     Finished server process [93026]
INFO:     Started server process [94441]
INFO:     Waiting for application startup.
/Users/alex.gavrilov/Desktop/Projects/fast-api-react/backend/app/repositories/entities/DocumentEntity.py:10: SAWarning: This declarative base already contains a class with the same class name and module name as app.repositories.entities.DocumentEntity.DocumentEntity, and will be replaced in the string-lookup table.
  class DocumentEntity(Base):
INFO:     Application startup complete.
WARNING:  WatchFiles detected changes in 'app/main.py'. Reloading...
INFO:     Shutting down
INFO:     Waiting for application shutdown.
INFO:     Application shutdown complete.
INFO:     Finished server process [94441]
WARNING:  WatchFiles detected changes in 'app/main.py'. Reloading...
INFO:     Started server process [94487]
INFO:     Waiting for application startup.
/Users/alex.gavrilov/Desktop/Projects/fast-api-react/backend/app/repositories/entities/DocumentEntity.py:10: SAWarning: This declarative base already contains a class with the same class name and module name as app.repositories.entities.DocumentEntity.DocumentEntity, and will be replaced in the string-lookup table.
  class DocumentEntity(Base):
INFO:     Application startup complete.
WARNING:  WatchFiles detected changes in 'app/main.py'. Reloading...
INFO:     Started server process [94488]
INFO:     Waiting for application startup.
/Users/alex.gavrilov/Desktop/Projects/fast-api-react/backend/app/repositories/entities/DocumentEntity.py:10: SAWarning: This declarative base already contains a class with the same class name and module name as app.repositories.entities.DocumentEntity.DocumentEntity, and will be replaced in the string-lookup table.
  class DocumentEntity(Base):
INFO:     Application startup complete.
INFO:     Started server process [94501]
INFO:     Waiting for application startup.
/Users/alex.gavrilov/Desktop/Projects/fast-api-react/backend/app/repositories/entities/DocumentEntity.py:10: SAWarning: This declarative base already contains a class with the same class name and module name as app.repositories.entities.DocumentEntity.DocumentEntity, and will be replaced in the string-lookup table.
  class DocumentEntity(Base):
INFO:     Application startup complete.
WARNING:  WatchFiles detected changes in 'app/main.py'. Reloading...
INFO:     Shutting down
INFO:     Waiting for application shutdown.
INFO:     Application shutdown complete.
INFO:     Finished server process [94501]
INFO:     Started server process [94505]
INFO:     Waiting for application startup.
/Users/alex.gavrilov/Desktop/Projects/fast-api-react/backend/app/repositories/entities/DocumentEntity.py:10: SAWarning: This declarative base already contains a class with the same class name and module name as app.repositories.entities.DocumentEntity.DocumentEntity, and will be replaced in the string-lookup table.
  class DocumentEntity(Base):
INFO:     Application startup complete.
INFO:     127.0.0.1:58179 - "POST /api/upload HTTP/1.1" 200 OK
